

Started GET "/rounds" for ::1 at 2015-07-08 20:41:39 -0300

Mysql2::Error (Access denied for user 'root'@'localhost' (using password: YES)):
  mysql2-0.3.18-x86 (mingw32) lib/mysql2/client.rb:70:in `connect'
  mysql2-0.3.18-x86 (mingw32) lib/mysql2/client.rb:70:in `initialize'
  activerecord (4.2.3) lib/active_record/connection_adapters/mysql2_adapter.rb:18:in `new'
  activerecord (4.2.3) lib/active_record/connection_adapters/mysql2_adapter.rb:18:in `mysql2_connection'
  activerecord (4.2.3) lib/active_record/connection_adapters/abstract/connection_pool.rb:438:in `new_connection'
  activerecord (4.2.3) lib/active_record/connection_adapters/abstract/connection_pool.rb:448:in `checkout_new_connection'
  activerecord (4.2.3) lib/active_record/connection_adapters/abstract/connection_pool.rb:422:in `acquire_connection'
  activerecord (4.2.3) lib/active_record/connection_adapters/abstract/connection_pool.rb:349:in `block in checkout'
  C:/Ruby21/lib/ruby/2.1.0/monitor.rb:211:in `mon_synchronize'
  activerecord (4.2.3) lib/active_record/connection_adapters/abstract/connection_pool.rb:348:in `checkout'
  activerecord (4.2.3) lib/active_record/connection_adapters/abstract/connection_pool.rb:263:in `block in connection'
  C:/Ruby21/lib/ruby/2.1.0/monitor.rb:211:in `mon_synchronize'
  activerecord (4.2.3) lib/active_record/connection_adapters/abstract/connection_pool.rb:262:in `connection'
  activerecord (4.2.3) lib/active_record/connection_adapters/abstract/connection_pool.rb:571:in `retrieve_connection'
  activerecord (4.2.3) lib/active_record/connection_handling.rb:113:in `retrieve_connection'
  activerecord (4.2.3) lib/active_record/connection_handling.rb:87:in `connection'
  activerecord (4.2.3) lib/active_record/migration.rb:383:in `connection'
  activerecord (4.2.3) lib/active_record/migration.rb:370:in `call'
  actionpack (4.2.3) lib/action_dispatch/middleware/callbacks.rb:29:in `block in call'
  activesupport (4.2.3) lib/active_support/callbacks.rb:84:in `run_callbacks'
  actionpack (4.2.3) lib/action_dispatch/middleware/callbacks.rb:27:in `call'
  actionpack (4.2.3) lib/action_dispatch/middleware/reloader.rb:73:in `call'
  actionpack (4.2.3) lib/action_dispatch/middleware/remote_ip.rb:78:in `call'
  actionpack (4.2.3) lib/action_dispatch/middleware/debug_exceptions.rb:17:in `call'
  web-console (2.1.3) lib/web_console/middleware.rb:37:in `call'
  actionpack (4.2.3) lib/action_dispatch/middleware/show_exceptions.rb:30:in `call'
  railties (4.2.3) lib/rails/rack/logger.rb:38:in `call_app'
  railties (4.2.3) lib/rails/rack/logger.rb:20:in `block in call'
  activesupport (4.2.3) lib/active_support/tagged_logging.rb:68:in `block in tagged'
  activesupport (4.2.3) lib/active_support/tagged_logging.rb:26:in `tagged'
  activesupport (4.2.3) lib/active_support/tagged_logging.rb:68:in `tagged'
  railties (4.2.3) lib/rails/rack/logger.rb:20:in `call'
  actionpack (4.2.3) lib/action_dispatch/middleware/request_id.rb:21:in `call'
  rack (1.6.4) lib/rack/methodoverride.rb:22:in `call'
  rack (1.6.4) lib/rack/runtime.rb:18:in `call'
  activesupport (4.2.3) lib/active_support/cache/strategy/local_cache_middleware.rb:28:in `call'
  rack (1.6.4) lib/rack/lock.rb:17:in `call'
  actionpack (4.2.3) lib/action_dispatch/middleware/static.rb:116:in `call'
  rack (1.6.4) lib/rack/sendfile.rb:113:in `call'
  railties (4.2.3) lib/rails/engine.rb:518:in `call'
  railties (4.2.3) lib/rails/application.rb:165:in `call'
  rack (1.6.4) lib/rack/lock.rb:17:in `call'
  rack (1.6.4) lib/rack/content_length.rb:15:in `call'
  rack (1.6.4) lib/rack/handler/webrick.rb:88:in `service'
  C:/Ruby21/lib/ruby/2.1.0/webrick/httpserver.rb:138:in `service'
  C:/Ruby21/lib/ruby/2.1.0/webrick/httpserver.rb:94:in `run'
  C:/Ruby21/lib/ruby/2.1.0/webrick/server.rb:295:in `block in start_thread'


  Rendered C:/Ruby21/lib/ruby/gems/2.1.0/gems/actionpack-4.2.3/lib/action_dispatch/middleware/templates/rescues/_source.erb (1.0ms)
  Rendered C:/Ruby21/lib/ruby/gems/2.1.0/gems/actionpack-4.2.3/lib/action_dispatch/middleware/templates/rescues/_trace.html.erb (3.0ms)
  Rendered C:/Ruby21/lib/ruby/gems/2.1.0/gems/actionpack-4.2.3/lib/action_dispatch/middleware/templates/rescues/_request_and_response.html.erb (1.0ms)
  Rendered C:/Ruby21/lib/ruby/gems/2.1.0/gems/actionpack-4.2.3/lib/action_dispatch/middleware/templates/rescues/diagnostics.html.erb within rescues/layout (91.0ms)
  Rendered C:/Ruby21/lib/ruby/gems/2.1.0/gems/web-console-2.1.3/lib/web_console/templates/_markup.html.erb (1.0ms)
  Rendered C:/Ruby21/lib/ruby/gems/2.1.0/gems/web-console-2.1.3/lib/web_console/templates/style.css.erb within layouts/inlined_string (0.0ms)
  Rendered C:/Ruby21/lib/ruby/gems/2.1.0/gems/web-console-2.1.3/lib/web_console/templates/_inner_console_markup.html.erb within layouts/inlined_string (1.0ms)
  Rendered C:/Ruby21/lib/ruby/gems/2.1.0/gems/web-console-2.1.3/lib/web_console/templates/_prompt_box_markup.html.erb within layouts/inlined_string (1.0ms)
  Rendered C:/Ruby21/lib/ruby/gems/2.1.0/gems/web-console-2.1.3/lib/web_console/templates/console.js.erb within layouts/javascript (41.0ms)
  Rendered C:/Ruby21/lib/ruby/gems/2.1.0/gems/web-console-2.1.3/lib/web_console/templates/main.js.erb within layouts/javascript (1.0ms)
  Rendered C:/Ruby21/lib/ruby/gems/2.1.0/gems/web-console-2.1.3/lib/web_console/templates/error_page.js.erb within layouts/javascript (1.0ms)
  Rendered C:/Ruby21/lib/ruby/gems/2.1.0/gems/web-console-2.1.3/lib/web_console/templates/index.html.erb (201.0ms)


Started GET "/" for ::1 at 2015-07-08 20:41:41 -0300

Mysql2::Error (Access denied for user 'root'@'localhost' (using password: YES)):
  mysql2-0.3.18-x86 (mingw32) lib/mysql2/client.rb:70:in `connect'
  mysql2-0.3.18-x86 (mingw32) lib/mysql2/client.rb:70:in `initialize'
  activerecord (4.2.3) lib/active_record/connection_adapters/mysql2_adapter.rb:18:in `new'
  activerecord (4.2.3) lib/active_record/connection_adapters/mysql2_adapter.rb:18:in `mysql2_connection'
  activerecord (4.2.3) lib/active_record/connection_adapters/abstract/connection_pool.rb:438:in `new_connection'
  activerecord (4.2.3) lib/active_record/connection_adapters/abstract/connection_pool.rb:448:in `checkout_new_connection'
  activerecord (4.2.3) lib/active_record/connection_adapters/abstract/connection_pool.rb:422:in `acquire_connection'
  activerecord (4.2.3) lib/active_record/connection_adapters/abstract/connection_pool.rb:349:in `block in checkout'
  C:/Ruby21/lib/ruby/2.1.0/monitor.rb:211:in `mon_synchronize'
  activerecord (4.2.3) lib/active_record/connection_adapters/abstract/connection_pool.rb:348:in `checkout'
  activerecord (4.2.3) lib/active_record/connection_adapters/abstract/connection_pool.rb:263:in `block in connection'
  C:/Ruby21/lib/ruby/2.1.0/monitor.rb:211:in `mon_synchronize'
  activerecord (4.2.3) lib/active_record/connection_adapters/abstract/connection_pool.rb:262:in `connection'
  activerecord (4.2.3) lib/active_record/connection_adapters/abstract/connection_pool.rb:571:in `retrieve_connection'
  activerecord (4.2.3) lib/active_record/connection_handling.rb:113:in `retrieve_connection'
  activerecord (4.2.3) lib/active_record/connection_handling.rb:87:in `connection'
  activerecord (4.2.3) lib/active_record/migration.rb:383:in `connection'
  activerecord (4.2.3) lib/active_record/migration.rb:370:in `call'
  actionpack (4.2.3) lib/action_dispatch/middleware/callbacks.rb:29:in `block in call'
  activesupport (4.2.3) lib/active_support/callbacks.rb:84:in `run_callbacks'
  actionpack (4.2.3) lib/action_dispatch/middleware/callbacks.rb:27:in `call'
  actionpack (4.2.3) lib/action_dispatch/middleware/reloader.rb:73:in `call'
  actionpack (4.2.3) lib/action_dispatch/middleware/remote_ip.rb:78:in `call'
  actionpack (4.2.3) lib/action_dispatch/middleware/debug_exceptions.rb:17:in `call'
  web-console (2.1.3) lib/web_console/middleware.rb:37:in `call'
  actionpack (4.2.3) lib/action_dispatch/middleware/show_exceptions.rb:30:in `call'
  railties (4.2.3) lib/rails/rack/logger.rb:38:in `call_app'
  railties (4.2.3) lib/rails/rack/logger.rb:20:in `block in call'
  activesupport (4.2.3) lib/active_support/tagged_logging.rb:68:in `block in tagged'
  activesupport (4.2.3) lib/active_support/tagged_logging.rb:26:in `tagged'
  activesupport (4.2.3) lib/active_support/tagged_logging.rb:68:in `tagged'
  railties (4.2.3) lib/rails/rack/logger.rb:20:in `call'
  actionpack (4.2.3) lib/action_dispatch/middleware/request_id.rb:21:in `call'
  rack (1.6.4) lib/rack/methodoverride.rb:22:in `call'
  rack (1.6.4) lib/rack/runtime.rb:18:in `call'
  activesupport (4.2.3) lib/active_support/cache/strategy/local_cache_middleware.rb:28:in `call'
  rack (1.6.4) lib/rack/lock.rb:17:in `call'
  actionpack (4.2.3) lib/action_dispatch/middleware/static.rb:116:in `call'
  rack (1.6.4) lib/rack/sendfile.rb:113:in `call'
  railties (4.2.3) lib/rails/engine.rb:518:in `call'
  railties (4.2.3) lib/rails/application.rb:165:in `call'
  rack (1.6.4) lib/rack/lock.rb:17:in `call'
  rack (1.6.4) lib/rack/content_length.rb:15:in `call'
  rack (1.6.4) lib/rack/handler/webrick.rb:88:in `service'
  C:/Ruby21/lib/ruby/2.1.0/webrick/httpserver.rb:138:in `service'
  C:/Ruby21/lib/ruby/2.1.0/webrick/httpserver.rb:94:in `run'
  C:/Ruby21/lib/ruby/2.1.0/webrick/server.rb:295:in `block in start_thread'


  Rendered C:/Ruby21/lib/ruby/gems/2.1.0/gems/actionpack-4.2.3/lib/action_dispatch/middleware/templates/rescues/_source.erb (0.0ms)
  Rendered C:/Ruby21/lib/ruby/gems/2.1.0/gems/actionpack-4.2.3/lib/action_dispatch/middleware/templates/rescues/_trace.html.erb (3.0ms)
  Rendered C:/Ruby21/lib/ruby/gems/2.1.0/gems/actionpack-4.2.3/lib/action_dispatch/middleware/templates/rescues/_request_and_response.html.erb (2.0ms)
  Rendered C:/Ruby21/lib/ruby/gems/2.1.0/gems/actionpack-4.2.3/lib/action_dispatch/middleware/templates/rescues/diagnostics.html.erb within rescues/layout (41.0ms)
  Rendered C:/Ruby21/lib/ruby/gems/2.1.0/gems/web-console-2.1.3/lib/web_console/templates/_markup.html.erb (1.0ms)
  Rendered C:/Ruby21/lib/ruby/gems/2.1.0/gems/web-console-2.1.3/lib/web_console/templates/style.css.erb within layouts/inlined_string (0.0ms)
  Rendered C:/Ruby21/lib/ruby/gems/2.1.0/gems/web-console-2.1.3/lib/web_console/templates/_inner_console_markup.html.erb within layouts/inlined_string (0.0ms)
  Rendered C:/Ruby21/lib/ruby/gems/2.1.0/gems/web-console-2.1.3/lib/web_console/templates/_prompt_box_markup.html.erb within layouts/inlined_string (1.0ms)
  Rendered C:/Ruby21/lib/ruby/gems/2.1.0/gems/web-console-2.1.3/lib/web_console/templates/console.js.erb within layouts/javascript (42.0ms)
  Rendered C:/Ruby21/lib/ruby/gems/2.1.0/gems/web-console-2.1.3/lib/web_console/templates/main.js.erb within layouts/javascript (0.0ms)
  Rendered C:/Ruby21/lib/ruby/gems/2.1.0/gems/web-console-2.1.3/lib/web_console/templates/error_page.js.erb within layouts/javascript (1.0ms)
  Rendered C:/Ruby21/lib/ruby/gems/2.1.0/gems/web-console-2.1.3/lib/web_console/templates/index.html.erb (89.0ms)


Started GET "/" for ::1 at 2015-07-08 20:43:53 -0300
  [1m[36mActiveRecord::SchemaMigration Load (40.0ms)[0m  [1mSELECT `schema_migrations`.* FROM `schema_migrations`[0m
Processing by Rails::WelcomeController#index as HTML
  Rendered C:/Ruby21/lib/ruby/gems/2.1.0/gems/railties-4.2.3/lib/rails/templates/rails/welcome/index.html.erb (3.0ms)
Completed 200 OK in 60ms (Views: 31.0ms | ActiveRecord: 0.0ms)


Started GET "/" for 127.0.0.1 at 2015-07-09 19:40:01 -0300
  [1m[36mActiveRecord::SchemaMigration Load (43.0ms)[0m  [1mSELECT `schema_migrations`.* FROM `schema_migrations`[0m
Processing by Rails::WelcomeController#index as HTML
  Rendered C:/Ruby21/lib/ruby/gems/2.1.0/gems/railties-4.2.3/lib/rails/templates/rails/welcome/index.html.erb (4.0ms)
Completed 200 OK in 67ms (Views: 32.0ms | ActiveRecord: 0.0ms)


Started GET "/rounds" for 127.0.0.1 at 2015-07-09 19:40:07 -0300
Processing by RoundsController#index as HTML
  [1m[35mRound Load (42.0ms)[0m  SELECT `rounds`.* FROM `rounds`
  Rendered rounds/index.html.erb within layouts/application (1567.1ms)
Completed 200 OK in 2284ms (Views: 2217.1ms | ActiveRecord: 63.0ms)


Started GET "/assets/championships.self-e3b0c44298fc1c149afbf4c8996fb92427ae41e4649b934ca495991b7852b855.css?body=1" for 127.0.0.1 at 2015-07-09 19:40:10 -0300


Started GET "/assets/jquery.self-d03a5518f45df77341bdbe6201ba3bfa547ebba8ed64f0ea56bfa5f96ea7c074.js?body=1" for 127.0.0.1 at 2015-07-09 19:40:10 -0300


Started GET "/assets/jquery_ujs.self-ca5248a2fad13d6bd58ea121318d642f195f0b2dd818b30615f785ff365e8d1f.js?body=1" for 127.0.0.1 at 2015-07-09 19:40:10 -0300


Started GET "/assets/application.self-89b534ec4343b18ba62aaefb1b58260267535eb6535f0915e6374470942a6ee7.js?body=1" for 127.0.0.1 at 2015-07-09 19:40:10 -0300


Started GET "/rounds" for 127.0.0.1 at 2015-07-09 19:43:45 -0300
  [1m[36mActiveRecord::SchemaMigration Load (0.0ms)[0m  [1mSELECT `schema_migrations`.* FROM `schema_migrations`[0m
Processing by RoundsController#index as HTML
  [1m[35mRound Load (1.0ms)[0m  SELECT `rounds`.* FROM `rounds`
  Rendered rounds/index.html.erb within layouts/application (7047.4ms)
Completed 200 OK in 57806ms (Views: 8299.5ms | ActiveRecord: 8.0ms)


Started GET "/assets/championships.self-e3b0c44298fc1c149afbf4c8996fb92427ae41e4649b934ca495991b7852b855.css?body=1" for 127.0.0.1 at 2015-07-09 19:44:45 -0300


Started GET "/assets/rounds.self-e3b0c44298fc1c149afbf4c8996fb92427ae41e4649b934ca495991b7852b855.css?body=1" for 127.0.0.1 at 2015-07-09 19:44:45 -0300


Started GET "/assets/scaffolds.self-c455d00ad390e00bde5a6127c7a402c17791bc3db51dcfb07e6c2cd10ddb9c59.css?body=1" for 127.0.0.1 at 2015-07-09 19:44:45 -0300


Started GET "/assets/application.self-e80e8f2318043e8af94dddc2adad5a4f09739a8ebb323b3ab31cd71d45fd9113.css?body=1" for 127.0.0.1 at 2015-07-09 19:44:45 -0300


Started GET "/assets/jquery.self-d03a5518f45df77341bdbe6201ba3bfa547ebba8ed64f0ea56bfa5f96ea7c074.js?body=1" for 127.0.0.1 at 2015-07-09 19:44:45 -0300


Started GET "/assets/jquery_ujs.self-ca5248a2fad13d6bd58ea121318d642f195f0b2dd818b30615f785ff365e8d1f.js?body=1" for 127.0.0.1 at 2015-07-09 19:44:45 -0300


Started GET "/assets/application.self-89b534ec4343b18ba62aaefb1b58260267535eb6535f0915e6374470942a6ee7.js?body=1" for 127.0.0.1 at 2015-07-09 19:44:45 -0300


Started GET "/rounds/14/edit" for 127.0.0.1 at 2015-07-09 19:45:27 -0300
Processing by RoundsController#edit as HTML
  Parameters: {"id"=>"14"}
  [1m[36mRound Load (54.0ms)[0m  [1mSELECT  `rounds`.* FROM `rounds` WHERE `rounds`.`id` = 14 LIMIT 1[0m
  Rendered rounds/_form.html.erb (117.0ms)
  Rendered rounds/edit.html.erb within layouts/application (134.0ms)
Completed 200 OK in 474ms (Views: 355.0ms | ActiveRecord: 54.0ms)


Started PATCH "/rounds/14" for 127.0.0.1 at 2015-07-09 19:45:30 -0300
Processing by RoundsController#update as HTML
  Parameters: {"utf8"=>"✓", "authenticity_token"=>"9qNZRi7jMV0/wtf5TBSOo0NFqPEQJ6QF2alWVI1fQpazZOne1vHnoQI+8t4NGRWvj5ZWKUhreQRzUV1mazvZJw==", "round"=>{"name"=>"ppppp"}, "commit"=>"Atualizar Round", "id"=>"14"}
  [1m[35mRound Load (3.0ms)[0m  SELECT  `rounds`.* FROM `rounds` WHERE `rounds`.`id` = 14 LIMIT 1
  [1m[36m (82.0ms)[0m  [1mBEGIN[0m
  [1m[35m (0.0ms)[0m  COMMIT
Redirected to http://localhost:3000/rounds/14
Completed 302 Found in 95826ms (ActiveRecord: 85.0ms)


Started GET "/rounds/14" for 127.0.0.1 at 2015-07-09 19:47:06 -0300
Processing by RoundsController#show as HTML
  Parameters: {"id"=>"14"}
  [1m[36mRound Load (1.0ms)[0m  [1mSELECT  `rounds`.* FROM `rounds` WHERE `rounds`.`id` = 14 LIMIT 1[0m
  Rendered rounds/show.html.erb within layouts/application (6.0ms)
Completed 200 OK in 226ms (Views: 217.0ms | ActiveRecord: 1.0ms)


Started GET "/rounds" for 127.0.0.1 at 2015-07-09 19:47:13 -0300
Processing by RoundsController#index as HTML
  [1m[35mRound Load (1.0ms)[0m  SELECT `rounds`.* FROM `rounds`
  Rendered rounds/index.html.erb within layouts/application (99.0ms)
Completed 200 OK in 354ms (Views: 347.0ms | ActiveRecord: 1.0ms)


Started GET "/" for 127.0.0.1 at 2015-07-09 20:44:33 -0300
  [1m[36mActiveRecord::SchemaMigration Load (41.0ms)[0m  [1mSELECT `schema_migrations`.* FROM `schema_migrations`[0m
Processing by Rails::WelcomeController#index as HTML
  Rendered C:/Ruby21/lib/ruby/gems/2.1.0/gems/railties-4.2.3/lib/rails/templates/rails/welcome/index.html.erb (25.0ms)
Completed 200 OK in 160ms (Views: 96.0ms | ActiveRecord: 0.0ms)


Started GET "/rounds" for 127.0.0.1 at 2015-07-09 20:44:40 -0300
Processing by RoundsController#index as HTML
  [1m[35mRound Load (41.0ms)[0m  SELECT `rounds`.* FROM `rounds`
  Rendered rounds/index.html.erb within layouts/application (1700.1ms)
Completed 200 OK in 2133ms (Views: 2066.1ms | ActiveRecord: 62.0ms)


Started GET "/championship" for 127.0.0.1 at 2015-07-09 20:45:20 -0300

ActionController::RoutingError (No route matches [GET] "/championship"):
  actionpack (4.2.3) lib/action_dispatch/middleware/debug_exceptions.rb:21:in `call'
  web-console (2.1.3) lib/web_console/middleware.rb:37:in `call'
  actionpack (4.2.3) lib/action_dispatch/middleware/show_exceptions.rb:30:in `call'
  railties (4.2.3) lib/rails/rack/logger.rb:38:in `call_app'
  railties (4.2.3) lib/rails/rack/logger.rb:20:in `block in call'
  activesupport (4.2.3) lib/active_support/tagged_logging.rb:68:in `block in tagged'
  activesupport (4.2.3) lib/active_support/tagged_logging.rb:26:in `tagged'
  activesupport (4.2.3) lib/active_support/tagged_logging.rb:68:in `tagged'
  railties (4.2.3) lib/rails/rack/logger.rb:20:in `call'
  actionpack (4.2.3) lib/action_dispatch/middleware/request_id.rb:21:in `call'
  rack (1.6.4) lib/rack/methodoverride.rb:22:in `call'
  rack (1.6.4) lib/rack/runtime.rb:18:in `call'
  activesupport (4.2.3) lib/active_support/cache/strategy/local_cache_middleware.rb:28:in `call'
  rack (1.6.4) lib/rack/lock.rb:17:in `call'
  actionpack (4.2.3) lib/action_dispatch/middleware/static.rb:116:in `call'
  rack (1.6.4) lib/rack/sendfile.rb:113:in `call'
  railties (4.2.3) lib/rails/engine.rb:518:in `call'
  railties (4.2.3) lib/rails/application.rb:165:in `call'
  rack (1.6.4) lib/rack/lock.rb:17:in `call'
  rack (1.6.4) lib/rack/content_length.rb:15:in `call'
  rack (1.6.4) lib/rack/handler/webrick.rb:88:in `service'
  C:/Ruby21/lib/ruby/2.1.0/webrick/httpserver.rb:138:in `service'
  C:/Ruby21/lib/ruby/2.1.0/webrick/httpserver.rb:94:in `run'
  C:/Ruby21/lib/ruby/2.1.0/webrick/server.rb:295:in `block in start_thread'


  Rendered C:/Ruby21/lib/ruby/gems/2.1.0/gems/actionpack-4.2.3/lib/action_dispatch/middleware/templates/rescues/_trace.html.erb (2.0ms)
  Rendered C:/Ruby21/lib/ruby/gems/2.1.0/gems/actionpack-4.2.3/lib/action_dispatch/middleware/templates/routes/_route.html.erb (2.0ms)
  Rendered C:/Ruby21/lib/ruby/gems/2.1.0/gems/actionpack-4.2.3/lib/action_dispatch/middleware/templates/routes/_table.html.erb (60.0ms)
  Rendered C:/Ruby21/lib/ruby/gems/2.1.0/gems/actionpack-4.2.3/lib/action_dispatch/middleware/templates/rescues/_request_and_response.html.erb (2.0ms)
  Rendered C:/Ruby21/lib/ruby/gems/2.1.0/gems/actionpack-4.2.3/lib/action_dispatch/middleware/templates/rescues/routing_error.html.erb within rescues/layout (298.0ms)
  Rendered C:/Ruby21/lib/ruby/gems/2.1.0/gems/web-console-2.1.3/lib/web_console/templates/_markup.html.erb (1.0ms)
  Rendered C:/Ruby21/lib/ruby/gems/2.1.0/gems/web-console-2.1.3/lib/web_console/templates/style.css.erb within layouts/inlined_string (0.0ms)
  Rendered C:/Ruby21/lib/ruby/gems/2.1.0/gems/web-console-2.1.3/lib/web_console/templates/_inner_console_markup.html.erb within layouts/inlined_string (1.0ms)
  Rendered C:/Ruby21/lib/ruby/gems/2.1.0/gems/web-console-2.1.3/lib/web_console/templates/_prompt_box_markup.html.erb within layouts/inlined_string (0.0ms)
  Rendered C:/Ruby21/lib/ruby/gems/2.1.0/gems/web-console-2.1.3/lib/web_console/templates/console.js.erb within layouts/javascript (74.0ms)
  Rendered C:/Ruby21/lib/ruby/gems/2.1.0/gems/web-console-2.1.3/lib/web_console/templates/main.js.erb within layouts/javascript (1.0ms)
  Rendered C:/Ruby21/lib/ruby/gems/2.1.0/gems/web-console-2.1.3/lib/web_console/templates/error_page.js.erb within layouts/javascript (1.0ms)
  Rendered C:/Ruby21/lib/ruby/gems/2.1.0/gems/web-console-2.1.3/lib/web_console/templates/index.html.erb (211.0ms)


Started GET "/championships" for 127.0.0.1 at 2015-07-09 20:45:25 -0300
Processing by ChampionshipsController#index as HTML
  [1m[36mChampionship Load (40.0ms)[0m  [1mSELECT `championships`.* FROM `championships`[0m
  Rendered championships/index.html.erb within layouts/application (48.0ms)
Completed 200 OK in 144ms (Views: 95.0ms | ActiveRecord: 45.0ms)


Started GET "/championships/new" for 127.0.0.1 at 2015-07-09 20:45:28 -0300
Processing by ChampionshipsController#new as HTML
  Rendered championships/_form.html.erb (111.0ms)
  Rendered championships/new.html.erb within layouts/application (175.0ms)
Completed 200 OK in 227ms (Views: 221.0ms | ActiveRecord: 1.0ms)


Started POST "/championships" for 127.0.0.1 at 2015-07-09 20:45:43 -0300
Processing by ChampionshipsController#create as HTML
  Parameters: {"utf8"=>"✓", "authenticity_token"=>"kFbNx76MD8jEATnmILV7poUKookW1qwMffXE8+PUUF21srcuq9vxNJSsDg6X3MiJayhf4f8cJF1F5GSu5ZvZGA==", "championship"=>{"name"=>"unnnn", "start(3i)"=>"9", "start(2i)"=>"7", "start(1i)"=>"2015", "end(3i)"=>"9", "end(2i)"=>"7", "end(1i)"=>"2015"}, "commit"=>"Criar Championship"}
  [1m[35m (1.0ms)[0m  BEGIN
  [1m[36mSQL (1.0ms)[0m  [1mINSERT INTO `championships` (`name`, `start`, `end`, `created_at`, `updated_at`) VALUES ('unnnn', '2015-07-09', '2015-07-09', '2015-07-09 23:45:44', '2015-07-09 23:45:44')[0m
  [1m[35m (56.0ms)[0m  COMMIT
Redirected to http://localhost:3000/championships/1
Completed 302 Found in 101ms (ActiveRecord: 58.0ms)


Started GET "/championships/1" for 127.0.0.1 at 2015-07-09 20:45:44 -0300
Processing by ChampionshipsController#show as HTML
  Parameters: {"id"=>"1"}
  [1m[36mChampionship Load (1.0ms)[0m  [1mSELECT  `championships`.* FROM `championships` WHERE `championships`.`id` = 1 LIMIT 1[0m
  Rendered championships/show.html.erb within layouts/application (2.0ms)
Completed 200 OK in 104ms (Views: 52.0ms | ActiveRecord: 1.0ms)


Started GET "/championships" for 127.0.0.1 at 2015-07-09 20:45:45 -0300
Processing by ChampionshipsController#index as HTML
  [1m[35mChampionship Load (1.0ms)[0m  SELECT `championships`.* FROM `championships`
  Rendered championships/index.html.erb within layouts/application (2.0ms)
Completed 200 OK in 46ms (Views: 45.0ms | ActiveRecord: 1.0ms)
